<?xml version="1.0" encoding="UTF-8"?>
<!-- Generated by org.testng.reporters.JUnitReportReporter -->
<testsuite skipped="0" hostname="LAPTOP-IOIPFRQL" name="co.uk.gotogate.flights.ChicagoTest" tests="1" failures="0" timestamp="29 Apr 2019 16:58:25 GMT" time="8.303" errors="0">
  <testcase name="Chicago2" time="8.303" classname="co.uk.gotogate.flights.ChicagoTest"/>
</testsuite> <!-- co.uk.gotogate.flights.ChicagoTest -->
